<?xml version="1.0" encoding="UTF-8"?>
<!-- Generated by org.testng.reporters.JUnitReportReporter -->
<testsuite hostname="LAPTOP-ULE65TSE" failures="0" tests="6" name="OpenCart_Main.MainTest_OpenCart" time="184.331" errors="0" timestamp="2021-07-14T14:49:02 IST" skipped="0">
  <testcase classname="OpenCart_Main.MainTest_OpenCart" name="RegisterAccount" time="87.947"/>
  <system-out/>
  <testcase classname="OpenCart_Main.MainTest_OpenCart" name="RegisterFailure" time="16.007"/>
  <system-out/>
  <testcase classname="OpenCart_Main.MainTest_OpenCart" name="loginOpencart" time="5.817"/>
  <system-out/>
  <testcase classname="OpenCart_Main.MainTest_OpenCart" name="verifytitle" time="0.048"/>
  <system-out/>
  <testcase classname="OpenCart_Main.MainTest_OpenCart" name="addcart" time="17.913"/>
  <system-out/>
  <testcase classname="OpenCart_Main.MainTest_OpenCart" name="Guestcheckout" time="56.599"/>
  <system-out/>
</testsuite> <!-- OpenCart_Main.MainTest_OpenCart -->
